New log file opened at Tue Aug 04 16:01:06 BST 2015 by 27493@kodjos-iMac.local
jvm 27493@kodjos-iMac.local
jvm vmName=Java HotSpot(TM) 64-Bit Server VM vmVendor=Oracle Corporation vmVersion=25.40-b25
jvm specName=Java Virtual Machine Specification specVendor=Oracle Corporation specVersion=1.8
jvm arguments: [-Xms256m, -Xmx1024m, -XX:MetaspaceSize=64m, -XX:MaxMetaspaceSize=256m]
Starting event engine
Starting sbt command engine
Command engine arguments=List()
Command engine baseDirectory=/Users/kodjobaah/projects/redis-library
Waiting for sbt command engine
Command engine initial remaining commands List(--initialize, onFailure load-failed, boot, server-send-ready-for-request, server-handle-next-server-request)
> --initialize
> initialize
> onFailure load-failed
> boot
> reload
[Loading] Scanning directory /Users/kodjobaah/projects/redis-library/project
[Loading] Found non-root projects 
[Loading] Done in /Users/kodjobaah/projects/redis-library/project, returning: ()
deducing auto plugins based on known facts Set(Atom(sbt.plugins.CorePlugin)) and clauses Clauses(List(Clause(Atom(sbt.plugins.JvmPlugin),Set(Atom(sbt.plugins.IvyPlugin))), Clause(Atom(sbt.plugins.JUnitXmlReportPlugin),Set(Atom(sbt.plugins.JvmPlugin))), Clause(Atom(sbt.plugins.CorePlugin),Set(Atom(sbt.plugins.IvyPlugin))), Clause(Atom(sbt.plugins.IvyPlugin),Set(Atom(sbt.plugins.JvmPlugin))), Clause(Atom(sbt.plugins.JvmPlugin),Set(Atom(sbt.plugins.JUnitXmlReportPlugin)))))
  :: deduced result: Matched(sbt.plugins.CorePlugin,sbt.plugins.IvyPlugin,sbt.plugins.JvmPlugin,sbt.plugins.JUnitXmlReportPlugin)
sorting: ns: List(sbt.plugins.CorePlugin, sbt.plugins.IvyPlugin, sbt.plugins.JvmPlugin, sbt.plugins.JUnitXmlReportPlugin)
  :: sorting:: found: List(sbt.plugins.CorePlugin) not found List(sbt.plugins.IvyPlugin, sbt.plugins.JvmPlugin, sbt.plugins.JUnitXmlReportPlugin)
  :: sorting:: found: List(sbt.plugins.CorePlugin, sbt.plugins.IvyPlugin) not found List(sbt.plugins.JvmPlugin, sbt.plugins.JUnitXmlReportPlugin)
  :: sorting:: found: List(sbt.plugins.CorePlugin, sbt.plugins.IvyPlugin, sbt.plugins.JvmPlugin) not found List(sbt.plugins.JUnitXmlReportPlugin)
  :: sorting:: found: List(sbt.plugins.CorePlugin, sbt.plugins.IvyPlugin, sbt.plugins.JvmPlugin, sbt.plugins.JUnitXmlReportPlugin) not found List()
  :: sorted deduced result: List(sbt.plugins.CorePlugin, sbt.plugins.IvyPlugin, sbt.plugins.JvmPlugin, sbt.plugins.JUnitXmlReportPlugin)
[Loading] Done in /Users/kodjobaah/projects/redis-library/project, returning: (redis-library-build)
Loading project definition from /Users/kodjobaah/projects/redis-library/project
Running task... Cancel: sbt.TaskCancellationStrategy$Null$@665acc5e, check cycles: false

Initial source changes: 
	removed:Set()
	added: Set()
	modified: Set()
Removed products: Set()
External API changes: API Changes: Set()
Modified binary dependencies: Set()
Initial directly invalidated sources: Set()

Sources indirectly invalidated by:
	product: Set()
	binary dep: Set()
	external source: Set()
All initially invalidated sources: Set()

Copy resource mappings: 
	
[Loading] Scanning directory /Users/kodjobaah/projects/redis-library
[Loading] Found non-root projects 
[Loading] Done in /Users/kodjobaah/projects/redis-library, returning: ()
deducing auto plugins based on known facts Set(Atom(sbt.plugins.CorePlugin)) and clauses Clauses(List(Clause(Atom(sbt.plugins.JvmPlugin),Set(Atom(sbt.plugins.IvyPlugin))), Clause(Atom(sbt.plugins.JUnitXmlReportPlugin),Set(Atom(sbt.plugins.JvmPlugin))), Clause(Atom(sbt.plugins.BackgroundRunPlugin),Set(Atom(sbt.plugins.JvmPlugin))), Clause(Atom(sbt.plugins.CorePlugin),Set(Atom(sbt.plugins.IvyPlugin))), Clause(Atom(sbt.plugins.IvyPlugin),Set(Atom(sbt.plugins.JvmPlugin))), Clause(Atom(sbt.plugins.JvmPlugin),Set(Atom(sbt.plugins.JUnitXmlReportPlugin))), Clause(Atom(sbt.plugins.JvmPlugin),Set(Atom(sbt.plugins.BackgroundRunPlugin))), Clause(Atom(sbt.plugins.CorePlugin),Set(Atom(sbt.plugins.InteractionServicePlugin))), Clause(Atom(sbt.plugins.CorePlugin),Set(Atom(sbt.plugins.SendEventServicePlugin))), Clause(Atom(sbt.plugins.CorePlugin),Set(Atom(sbt.plugins.SerializersPlugin)))))
  :: deduced result: Matched(sbt.plugins.CorePlugin,sbt.plugins.SerializersPlugin,sbt.plugins.SendEventServicePlugin,sbt.plugins.InteractionServicePlugin,sbt.plugins.IvyPlugin,sbt.plugins.JvmPlugin,sbt.plugins.BackgroundRunPlugin,sbt.plugins.JUnitXmlReportPlugin)
sorting: ns: List(sbt.plugins.CorePlugin, sbt.plugins.SerializersPlugin, sbt.plugins.SendEventServicePlugin, sbt.plugins.InteractionServicePlugin, sbt.plugins.IvyPlugin, sbt.plugins.JvmPlugin, sbt.plugins.BackgroundRunPlugin, sbt.plugins.JUnitXmlReportPlugin)
  :: sorting:: found: List(sbt.plugins.CorePlugin) not found List(sbt.plugins.SerializersPlugin, sbt.plugins.SendEventServicePlugin, sbt.plugins.InteractionServicePlugin, sbt.plugins.IvyPlugin, sbt.plugins.JvmPlugin, sbt.plugins.BackgroundRunPlugin, sbt.plugins.JUnitXmlReportPlugin)
  :: sorting:: found: List(sbt.plugins.CorePlugin, sbt.plugins.SerializersPlugin, sbt.plugins.SendEventServicePlugin, sbt.plugins.InteractionServicePlugin, sbt.plugins.IvyPlugin) not found List(sbt.plugins.JvmPlugin, sbt.plugins.BackgroundRunPlugin, sbt.plugins.JUnitXmlReportPlugin)
  :: sorting:: found: List(sbt.plugins.CorePlugin, sbt.plugins.SerializersPlugin, sbt.plugins.SendEventServicePlugin, sbt.plugins.InteractionServicePlugin, sbt.plugins.IvyPlugin, sbt.plugins.JvmPlugin) not found List(sbt.plugins.BackgroundRunPlugin, sbt.plugins.JUnitXmlReportPlugin)
  :: sorting:: found: List(sbt.plugins.CorePlugin, sbt.plugins.SerializersPlugin, sbt.plugins.SendEventServicePlugin, sbt.plugins.InteractionServicePlugin, sbt.plugins.IvyPlugin, sbt.plugins.JvmPlugin, sbt.plugins.BackgroundRunPlugin, sbt.plugins.JUnitXmlReportPlugin) not found List()
  :: sorted deduced result: List(sbt.plugins.CorePlugin, sbt.plugins.SerializersPlugin, sbt.plugins.SendEventServicePlugin, sbt.plugins.InteractionServicePlugin, sbt.plugins.IvyPlugin, sbt.plugins.JvmPlugin, sbt.plugins.BackgroundRunPlugin, sbt.plugins.JUnitXmlReportPlugin)
[Loading] Done in /Users/kodjobaah/projects/redis-library, returning: (redis-library)
Missing bintray credentials /Users/kodjobaah/.bintray/.credentials. Some bintray features depend on this.
Set current project to redis-library (in build file:/Users/kodjobaah/projects/redis-library/)
Reapplying settings...
Missing bintray credentials /Users/kodjobaah/.bintray/.credentials. Some bintray features depend on this.
Set current project to redis-library (in build file:/Users/kodjobaah/projects/redis-library/)
> iflast shell
> server-send-ready-for-request
> server-handle-next-server-request
> {file:/Users/kodjobaah/projects/redis-library/}redis-library/compile:discoveredMainClasses
Evaluating tasks: compile:discoveredMainClasses
Running task... Cancel: sbt.server.ServerTaskCancellation@2af8a73b, check cycles: false
Read from stdout: Credentials file /Users/kodjobaah/.bintray/.credentials does not exist
Credentials file /Users/kodjobaah/.bintray/.credentials does not exist
Read from stdout: Updating {file:/Users/kodjobaah/projects/redis-library/}redis-library...
Updating {file:/Users/kodjobaah/projects/redis-library/}redis-library...
Other repositories:
Default repositories:
Using inline dependencies specified in Scala.
:: resolving dependencies :: com.waid#redis-library_2.10;1.0-20150804T150115
	confs: [compile, runtime, test, provided, optional, compile-internal, runtime-internal, test-internal, plugin, sources, docs, pom, scala-tool]
	validate = true
	refresh = false
resolving dependencies for configuration 'compile'
== resolving dependencies for com.waid#redis-library_2.10;1.0-20150804T150115 [compile]
== resolving dependencies com.waid#redis-library_2.10;1.0-20150804T150115->org.scala-lang#scala-library;2.10.4 [compile->default(compile)]
Read from stdout: Resolving org.scala-lang#scala-library;2.10.4 ...
Resolving org.scala-lang#scala-library;2.10.4 ...
sbt-chain: Checking cache for: sbt.ivyint.MergedDescriptors@11f24b17
sbt-chain: module revision found in cache: org.scala-lang#scala-library;2.10.4
	found org.scala-lang#scala-library;2.10.4 in sbt-chain
	[2.10.4] org.scala-lang#scala-library;2.10.4
== resolving dependencies com.waid#redis-library_2.10;1.0-20150804T150115->org.scala-lang#scala-library;2.10.4 [compile->runtime]
== resolving dependencies com.waid#redis-library_2.10;1.0-20150804T150115->org.scala-lang#scala-library;2.10.4 [compile->compile]
== resolving dependencies com.waid#redis-library_2.10;1.0-20150804T150115->org.scala-lang#scala-library;2.10.4 [compile->master]
resolving dependencies for configuration 'runtime'
== resolving dependencies for com.waid#redis-library_2.10;1.0-20150804T150115 [runtime]
== resolving dependencies for com.waid#redis-library_2.10;1.0-20150804T150115 [compile]
== resolving dependencies com.waid#redis-library_2.10;1.0-20150804T150115->org.scala-lang#scala-library;2.10.4 [compile->default(compile)]
== resolving dependencies com.waid#redis-library_2.10;1.0-20150804T150115->org.scala-lang#scala-library;2.10.4 [compile->runtime]
== resolving dependencies com.waid#redis-library_2.10;1.0-20150804T150115->org.scala-lang#scala-library;2.10.4 [compile->compile]
== resolving dependencies com.waid#redis-library_2.10;1.0-20150804T150115->org.scala-lang#scala-library;2.10.4 [compile->master]
resolving dependencies for configuration 'test'
== resolving dependencies for com.waid#redis-library_2.10;1.0-20150804T150115 [test]
== resolving dependencies for com.waid#redis-library_2.10;1.0-20150804T150115 [runtime]
== resolving dependencies for com.waid#redis-library_2.10;1.0-20150804T150115 [compile]
== resolving dependencies com.waid#redis-library_2.10;1.0-20150804T150115->org.scala-lang#scala-library;2.10.4 [compile->default(compile)]
== resolving dependencies com.waid#redis-library_2.10;1.0-20150804T150115->org.scala-lang#scala-library;2.10.4 [compile->runtime]
== resolving dependencies com.waid#redis-library_2.10;1.0-20150804T150115->org.scala-lang#scala-library;2.10.4 [compile->compile]
== resolving dependencies com.waid#redis-library_2.10;1.0-20150804T150115->org.scala-lang#scala-library;2.10.4 [compile->master]
== resolving dependencies com.waid#redis-library_2.10;1.0-20150804T150115->org.scalatest#scalatest_2.10;2.2.1 [test->default(compile)]
Read from stdout: Resolving org.scalatest#scalatest_2.10;2.2.1 ...
Resolving org.scalatest#scalatest_2.10;2.2.1 ...
sbt-chain: Checking cache for: dependency: org.scalatest#scalatest_2.10;2.2.1 {test=[default(compile)]}
sbt-chain: module revision found in cache: org.scalatest#scalatest_2.10;2.2.1
	found org.scalatest#scalatest_2.10;2.2.1 in sbt-chain
== resolving dependencies com.waid#redis-library_2.10;1.0-20150804T150115->org.scalatest#scalatest_2.10;2.2.1 [test->runtime]
== resolving dependencies com.waid#redis-library_2.10;1.0-20150804T150115->org.scalatest#scalatest_2.10;2.2.1 [test->compile]
== resolving dependencies org.scalatest#scalatest_2.10;2.2.1->org.scala-lang#scala-library;2.10.4 [compile->master(compile)]
== resolving dependencies org.scalatest#scalatest_2.10;2.2.1->org.scala-lang#scala-library;2.10.4 [compile->compile(*)]
== resolving dependencies org.scalatest#scalatest_2.10;2.2.1->org.scala-lang#scala-library;2.10.4 [compile->runtime(*)]
== resolving dependencies org.scalatest#scalatest_2.10;2.2.1->org.scala-lang#scala-library;2.10.4 [compile->compile]
== resolving dependencies org.scalatest#scalatest_2.10;2.2.1->org.scala-lang#scala-reflect;2.10.4 [compile->master(compile)]
Read from stdout: Resolving org.scala-lang#scala-reflect;2.10.4 ...
Resolving org.scala-lang#scala-reflect;2.10.4 ...
sbt-chain: Checking cache for: dependency: org.scala-lang#scala-reflect;2.10.4 {compile=[compile(*), master(compile)], runtime=[runtime(*)]}
sbt-chain: module revision found in cache: org.scala-lang#scala-reflect;2.10.4
	found org.scala-lang#scala-reflect;2.10.4 in sbt-chain
	[2.10.4] org.scala-lang#scala-reflect;2.10.4
== resolving dependencies org.scalatest#scalatest_2.10;2.2.1->org.scala-lang#scala-reflect;2.10.4 [compile->compile(*)]
== resolving dependencies org.scala-lang#scala-reflect;2.10.4->org.scala-lang#scala-library;2.10.4 [compile->master(compile)]
== resolving dependencies org.scala-lang#scala-reflect;2.10.4->org.scala-lang#scala-library;2.10.4 [compile->compile(*)]
== resolving dependencies org.scalatest#scalatest_2.10;2.2.1->org.scala-lang#scala-reflect;2.10.4 [compile->runtime(*)]
== resolving dependencies org.scalatest#scalatest_2.10;2.2.1->org.scala-lang#scala-reflect;2.10.4 [compile->compile]
== resolving dependencies org.scala-lang#scala-reflect;2.10.4->org.scala-lang#scala-library;2.10.4 [runtime->runtime(*)]
== resolving dependencies org.scala-lang#scala-reflect;2.10.4->org.scala-lang#scala-library;2.10.4 [runtime->compile]
== resolving dependencies org.scalatest#scalatest_2.10;2.2.1->org.scala-lang#scala-library;2.10.4 [runtime->runtime(*)]
== resolving dependencies org.scalatest#scalatest_2.10;2.2.1->org.scala-lang#scala-library;2.10.4 [runtime->compile]
== resolving dependencies org.scalatest#scalatest_2.10;2.2.1->org.scala-lang#scala-reflect;2.10.4 [runtime->runtime(*)]
== resolving dependencies org.scalatest#scalatest_2.10;2.2.1->org.scala-lang#scala-reflect;2.10.4 [runtime->compile]
== resolving dependencies com.waid#redis-library_2.10;1.0-20150804T150115->org.scalatest#scalatest_2.10;2.2.1 [test->master]
resolving dependencies for configuration 'provided'
== resolving dependencies for com.waid#redis-library_2.10;1.0-20150804T150115 [provided]
resolving dependencies for configuration 'optional'
== resolving dependencies for com.waid#redis-library_2.10;1.0-20150804T150115 [optional]
resolving dependencies for configuration 'compile-internal'
== resolving dependencies for com.waid#redis-library_2.10;1.0-20150804T150115 [compile-internal]
== resolving dependencies for com.waid#redis-library_2.10;1.0-20150804T150115 [compile]
== resolving dependencies com.waid#redis-library_2.10;1.0-20150804T150115->org.scala-lang#scala-library;2.10.4 [compile->default(compile)]
== resolving dependencies com.waid#redis-library_2.10;1.0-20150804T150115->org.scala-lang#scala-library;2.10.4 [compile->runtime]
== resolving dependencies com.waid#redis-library_2.10;1.0-20150804T150115->org.scala-lang#scala-library;2.10.4 [compile->compile]
== resolving dependencies com.waid#redis-library_2.10;1.0-20150804T150115->org.scala-lang#scala-library;2.10.4 [compile->master]
== resolving dependencies for com.waid#redis-library_2.10;1.0-20150804T150115 [optional]
== resolving dependencies for com.waid#redis-library_2.10;1.0-20150804T150115 [provided]
resolving dependencies for configuration 'runtime-internal'
== resolving dependencies for com.waid#redis-library_2.10;1.0-20150804T150115 [runtime-internal]
== resolving dependencies for com.waid#redis-library_2.10;1.0-20150804T150115 [runtime]
== resolving dependencies for com.waid#redis-library_2.10;1.0-20150804T150115 [compile]
== resolving dependencies com.waid#redis-library_2.10;1.0-20150804T150115->org.scala-lang#scala-library;2.10.4 [compile->default(compile)]
== resolving dependencies com.waid#redis-library_2.10;1.0-20150804T150115->org.scala-lang#scala-library;2.10.4 [compile->runtime]
== resolving dependencies com.waid#redis-library_2.10;1.0-20150804T150115->org.scala-lang#scala-library;2.10.4 [compile->compile]
== resolving dependencies com.waid#redis-library_2.10;1.0-20150804T150115->org.scala-lang#scala-library;2.10.4 [compile->master]
== resolving dependencies for com.waid#redis-library_2.10;1.0-20150804T150115 [optional]
resolving dependencies for configuration 'test-internal'
== resolving dependencies for com.waid#redis-library_2.10;1.0-20150804T150115 [test-internal]
== resolving dependencies for com.waid#redis-library_2.10;1.0-20150804T150115 [test]
== resolving dependencies for com.waid#redis-library_2.10;1.0-20150804T150115 [runtime]
== resolving dependencies for com.waid#redis-library_2.10;1.0-20150804T150115 [compile]
== resolving dependencies com.waid#redis-library_2.10;1.0-20150804T150115->org.scala-lang#scala-library;2.10.4 [compile->default(compile)]
== resolving dependencies com.waid#redis-library_2.10;1.0-20150804T150115->org.scala-lang#scala-library;2.10.4 [compile->runtime]
== resolving dependencies com.waid#redis-library_2.10;1.0-20150804T150115->org.scala-lang#scala-library;2.10.4 [compile->compile]
== resolving dependencies com.waid#redis-library_2.10;1.0-20150804T150115->org.scala-lang#scala-library;2.10.4 [compile->master]
== resolving dependencies com.waid#redis-library_2.10;1.0-20150804T150115->org.scalatest#scalatest_2.10;2.2.1 [test->default(compile)]
== resolving dependencies com.waid#redis-library_2.10;1.0-20150804T150115->org.scalatest#scalatest_2.10;2.2.1 [test->runtime]
== resolving dependencies com.waid#redis-library_2.10;1.0-20150804T150115->org.scalatest#scalatest_2.10;2.2.1 [test->compile]
== resolving dependencies org.scalatest#scalatest_2.10;2.2.1->org.scala-lang#scala-library;2.10.4 [compile->master(compile)]
== resolving dependencies org.scalatest#scalatest_2.10;2.2.1->org.scala-lang#scala-library;2.10.4 [compile->compile(*)]
== resolving dependencies org.scalatest#scalatest_2.10;2.2.1->org.scala-lang#scala-reflect;2.10.4 [compile->master(compile)]
== resolving dependencies org.scalatest#scalatest_2.10;2.2.1->org.scala-lang#scala-reflect;2.10.4 [compile->compile(*)]
== resolving dependencies org.scala-lang#scala-reflect;2.10.4->org.scala-lang#scala-library;2.10.4 [compile->master(compile)]
== resolving dependencies org.scala-lang#scala-reflect;2.10.4->org.scala-lang#scala-library;2.10.4 [compile->compile(*)]
== resolving dependencies org.scalatest#scalatest_2.10;2.2.1->org.scala-lang#scala-library;2.10.4 [runtime->runtime(*)]
== resolving dependencies org.scalatest#scalatest_2.10;2.2.1->org.scala-lang#scala-library;2.10.4 [runtime->compile]
== resolving dependencies org.scalatest#scalatest_2.10;2.2.1->org.scala-lang#scala-reflect;2.10.4 [runtime->runtime(*)]
== resolving dependencies org.scalatest#scalatest_2.10;2.2.1->org.scala-lang#scala-reflect;2.10.4 [runtime->compile]
== resolving dependencies org.scala-lang#scala-reflect;2.10.4->org.scala-lang#scala-library;2.10.4 [runtime->runtime(*)]
== resolving dependencies org.scala-lang#scala-reflect;2.10.4->org.scala-lang#scala-library;2.10.4 [runtime->compile]
== resolving dependencies com.waid#redis-library_2.10;1.0-20150804T150115->org.scalatest#scalatest_2.10;2.2.1 [test->master]
== resolving dependencies for com.waid#redis-library_2.10;1.0-20150804T150115 [optional]
== resolving dependencies for com.waid#redis-library_2.10;1.0-20150804T150115 [provided]
resolving dependencies for configuration 'plugin'
== resolving dependencies for com.waid#redis-library_2.10;1.0-20150804T150115 [plugin]
resolving dependencies for configuration 'sources'
== resolving dependencies for com.waid#redis-library_2.10;1.0-20150804T150115 [sources]
resolving dependencies for configuration 'docs'
== resolving dependencies for com.waid#redis-library_2.10;1.0-20150804T150115 [docs]
resolving dependencies for configuration 'pom'
== resolving dependencies for com.waid#redis-library_2.10;1.0-20150804T150115 [pom]
resolving dependencies for configuration 'scala-tool'
== resolving dependencies for com.waid#redis-library_2.10;1.0-20150804T150115 [scala-tool]
== resolving dependencies com.waid#redis-library_2.10;1.0-20150804T150115->org.scala-lang#scala-compiler;2.10.4 [scala-tool->default]
Read from stdout: Resolving org.scala-lang#scala-compiler;2.10.4 ...
Resolving org.scala-lang#scala-compiler;2.10.4 ...
sbt-chain: Checking cache for: dependency: org.scala-lang#scala-compiler;2.10.4 {scala-tool=[default, optional(default)]}
sbt-chain: module revision found in cache: org.scala-lang#scala-compiler;2.10.4
	found org.scala-lang#scala-compiler;2.10.4 in sbt-chain
== resolving dependencies com.waid#redis-library_2.10;1.0-20150804T150115->org.scala-lang#scala-compiler;2.10.4 [scala-tool->runtime]
== resolving dependencies com.waid#redis-library_2.10;1.0-20150804T150115->org.scala-lang#scala-compiler;2.10.4 [scala-tool->compile]
== resolving dependencies org.scala-lang#scala-compiler;2.10.4->org.scala-lang#scala-library;2.10.4 [compile->master(compile)]
== resolving dependencies org.scala-lang#scala-compiler;2.10.4->org.scala-lang#scala-library;2.10.4 [compile->compile(*)]
== resolving dependencies org.scala-lang#scala-compiler;2.10.4->org.scala-lang#scala-library;2.10.4 [compile->default]
== resolving dependencies org.scala-lang#scala-compiler;2.10.4->org.scala-lang#scala-library;2.10.4 [compile->runtime]
== resolving dependencies org.scala-lang#scala-compiler;2.10.4->org.scala-lang#scala-library;2.10.4 [compile->compile]
== resolving dependencies org.scala-lang#scala-compiler;2.10.4->org.scala-lang#scala-library;2.10.4 [compile->master]
== resolving dependencies org.scala-lang#scala-compiler;2.10.4->org.scala-lang#scala-library;2.10.4 [compile->optional(default)]
== resolving dependencies org.scala-lang#scala-compiler;2.10.4->org.scala-lang#scala-reflect;2.10.4 [compile->master(compile)]
== resolving dependencies org.scala-lang#scala-compiler;2.10.4->org.scala-lang#scala-reflect;2.10.4 [compile->compile(*)]
== resolving dependencies org.scala-lang#scala-reflect;2.10.4->org.scala-lang#scala-library;2.10.4 [compile->master(compile)]
== resolving dependencies org.scala-lang#scala-reflect;2.10.4->org.scala-lang#scala-library;2.10.4 [compile->compile(*)]
== resolving dependencies org.scala-lang#scala-compiler;2.10.4->org.scala-lang#scala-library;2.10.4 [runtime->runtime(*)]
== resolving dependencies org.scala-lang#scala-compiler;2.10.4->org.scala-lang#scala-library;2.10.4 [runtime->compile]
== resolving dependencies org.scala-lang#scala-compiler;2.10.4->org.scala-lang#scala-reflect;2.10.4 [runtime->runtime(*)]
== resolving dependencies org.scala-lang#scala-compiler;2.10.4->org.scala-lang#scala-reflect;2.10.4 [runtime->compile]
== resolving dependencies org.scala-lang#scala-reflect;2.10.4->org.scala-lang#scala-library;2.10.4 [runtime->runtime(*)]
== resolving dependencies org.scala-lang#scala-reflect;2.10.4->org.scala-lang#scala-library;2.10.4 [runtime->compile]
== resolving dependencies com.waid#redis-library_2.10;1.0-20150804T150115->org.scala-lang#scala-compiler;2.10.4 [scala-tool->master]
== resolving dependencies com.waid#redis-library_2.10;1.0-20150804T150115->org.scala-lang#scala-compiler;2.10.4 [scala-tool->optional(default)]
== resolving dependencies org.scala-lang#scala-compiler;2.10.4->org.scala-lang#jline;2.10.4 [optional->master(compile)]
Read from stdout: Resolving org.scala-lang#jline;2.10.4 ...
Resolving org.scala-lang#jline;2.10.4 ...
sbt-chain: Checking cache for: dependency: org.scala-lang#jline;2.10.4 {optional=[compile(*), master(compile)]}
sbt-chain: module revision found in cache: org.scala-lang#jline;2.10.4
	found org.scala-lang#jline;2.10.4 in sbt-chain
== resolving dependencies org.scala-lang#scala-compiler;2.10.4->org.scala-lang#jline;2.10.4 [optional->compile(*)]
== resolving dependencies org.scala-lang#jline;2.10.4->org.fusesource.jansi#jansi;1.4 [compile->master(compile)]
Read from stdout: Resolving org.fusesource.jansi#jansi;1.4 ...
Resolving org.fusesource.jansi#jansi;1.4 ...
sbt-chain: Checking cache for: dependency: org.fusesource.jansi#jansi;1.4 {compile=[compile(*), master(compile)], runtime=[runtime(*)]}
sbt-chain: module revision found in cache: org.fusesource.jansi#jansi;1.4
	found org.fusesource.jansi#jansi;1.4 in sbt-chain
== resolving dependencies org.scala-lang#jline;2.10.4->org.fusesource.jansi#jansi;1.4 [compile->compile(*)]
== resolving dependencies com.waid#redis-library_2.10;1.0-20150804T150115->org.scala-lang#scala-library;2.10.4 [scala-tool->default]
== resolving dependencies com.waid#redis-library_2.10;1.0-20150804T150115->org.scala-lang#scala-library;2.10.4 [scala-tool->runtime]
== resolving dependencies com.waid#redis-library_2.10;1.0-20150804T150115->org.scala-lang#scala-library;2.10.4 [scala-tool->compile]
== resolving dependencies com.waid#redis-library_2.10;1.0-20150804T150115->org.scala-lang#scala-library;2.10.4 [scala-tool->master]
== resolving dependencies com.waid#redis-library_2.10;1.0-20150804T150115->org.scala-lang#scala-library;2.10.4 [scala-tool->optional(default)]
	resolved ivy file produced in cache
:: downloading artifacts ::
	[NOT REQUIRED] org.scala-lang#scala-library;2.10.4!scala-library.jar
	[NOT REQUIRED] org.scalatest#scalatest_2.10;2.2.1!scalatest_2.10.jar(bundle)
	[NOT REQUIRED] org.scala-lang#scala-reflect;2.10.4!scala-reflect.jar
	[NOT REQUIRED] org.scala-lang#scala-compiler;2.10.4!scala-compiler.jar
	[NOT REQUIRED] org.scala-lang#jline;2.10.4!jline.jar
	[NOT REQUIRED] org.fusesource.jansi#jansi;1.4!jansi.jar
:: resolution report :: resolve 754ms :: artifacts dl 15ms
	report for com.waid#redis-library_2.10;1.0-20150804T150115 compile produced in /Users/kodjobaah/projects/redis-library/target/resolution-cache/reports/com.waid-redis-library_2.10-compile.xml
	report for com.waid#redis-library_2.10;1.0-20150804T150115 runtime produced in /Users/kodjobaah/projects/redis-library/target/resolution-cache/reports/com.waid-redis-library_2.10-runtime.xml
	report for com.waid#redis-library_2.10;1.0-20150804T150115 test produced in /Users/kodjobaah/projects/redis-library/target/resolution-cache/reports/com.waid-redis-library_2.10-test.xml
	report for com.waid#redis-library_2.10;1.0-20150804T150115 provided produced in /Users/kodjobaah/projects/redis-library/target/resolution-cache/reports/com.waid-redis-library_2.10-provided.xml
	report for com.waid#redis-library_2.10;1.0-20150804T150115 optional produced in /Users/kodjobaah/projects/redis-library/target/resolution-cache/reports/com.waid-redis-library_2.10-optional.xml
	report for com.waid#redis-library_2.10;1.0-20150804T150115 compile-internal produced in /Users/kodjobaah/projects/redis-library/target/resolution-cache/reports/com.waid-redis-library_2.10-compile-internal.xml
	report for com.waid#redis-library_2.10;1.0-20150804T150115 runtime-internal produced in /Users/kodjobaah/projects/redis-library/target/resolution-cache/reports/com.waid-redis-library_2.10-runtime-internal.xml
	report for com.waid#redis-library_2.10;1.0-20150804T150115 test-internal produced in /Users/kodjobaah/projects/redis-library/target/resolution-cache/reports/com.waid-redis-library_2.10-test-internal.xml
	report for com.waid#redis-library_2.10;1.0-20150804T150115 plugin produced in /Users/kodjobaah/projects/redis-library/target/resolution-cache/reports/com.waid-redis-library_2.10-plugin.xml
	report for com.waid#redis-library_2.10;1.0-20150804T150115 sources produced in /Users/kodjobaah/projects/redis-library/target/resolution-cache/reports/com.waid-redis-library_2.10-sources.xml
	report for com.waid#redis-library_2.10;1.0-20150804T150115 docs produced in /Users/kodjobaah/projects/redis-library/target/resolution-cache/reports/com.waid-redis-library_2.10-docs.xml
	report for com.waid#redis-library_2.10;1.0-20150804T150115 pom produced in /Users/kodjobaah/projects/redis-library/target/resolution-cache/reports/com.waid-redis-library_2.10-pom.xml
	report for com.waid#redis-library_2.10;1.0-20150804T150115 scala-tool produced in /Users/kodjobaah/projects/redis-library/target/resolution-cache/reports/com.waid-redis-library_2.10-scala-tool.xml
	resolve done (754ms resolve - 15ms download)
Read from stdout: Done updating.
Done updating.

Initial source changes: 
	removed:Set()
	added: Set()
	modified: Set()
Removed products: Set()
External API changes: API Changes: Set()
Modified binary dependencies: Set()
Initial directly invalidated sources: Set()

Sources indirectly invalidated by:
	product: Set()
	binary dep: Set()
	external source: Set()
All initially invalidated sources: Set()

Total time: 2 s, completed 04-Aug-2015 16:01:18
> server-post-command-cleanup
> server-handle-next-server-request
> {file:/Users/kodjobaah/projects/redis-library/}redis-library/compile:mainClass
Evaluating tasks: compile:mainClass
Running task... Cancel: sbt.server.ServerTaskCancellation@10a9faf9, check cycles: false
Read from stdout: Credentials file /Users/kodjobaah/.bintray/.credentials does not exist
Credentials file /Users/kodjobaah/.bintray/.credentials does not exist

Initial source changes: 
	removed:Set()
	added: Set()
	modified: Set()
Removed products: Set()
External API changes: API Changes: Set()
Modified binary dependencies: Set()
Initial directly invalidated sources: Set()

Sources indirectly invalidated by:
	product: Set()
	binary dep: Set()
	external source: Set()
All initially invalidated sources: Set()

Total time: 0 s, completed 04-Aug-2015 16:01:19
> server-post-command-cleanup
> server-handle-next-server-request
> {file:/Users/kodjobaah/projects/redis-library/}redis-library/compile:discoveredMainClasses
Evaluating tasks: compile:discoveredMainClasses
Running task... Cancel: sbt.server.ServerTaskCancellation@12467234, check cycles: false
Read from stdout: Credentials file /Users/kodjobaah/.bintray/.credentials does not exist
Credentials file /Users/kodjobaah/.bintray/.credentials does not exist

Initial source changes: 
	removed:Set()
	added: Set()
	modified: Set()
Removed products: Set()
External API changes: API Changes: Set()
Modified binary dependencies: Set()
Initial directly invalidated sources: Set()

Sources indirectly invalidated by:
	product: Set()
	binary dep: Set()
	external source: Set()
All initially invalidated sources: Set()

Total time: 0 s, completed 04-Aug-2015 16:01:19
> server-post-command-cleanup
> server-handle-next-server-request
> {file:/Users/kodjobaah/projects/redis-library/}redis-library/compile:mainClass
Evaluating tasks: compile:mainClass
Running task... Cancel: sbt.server.ServerTaskCancellation@2b1b80b8, check cycles: false
Read from stdout: Credentials file /Users/kodjobaah/.bintray/.credentials does not exist
Credentials file /Users/kodjobaah/.bintray/.credentials does not exist

Initial source changes: 
	removed:Set()
	added: Set()
	modified: Set()
Removed products: Set()
External API changes: API Changes: Set()
Modified binary dependencies: Set()
Initial directly invalidated sources: Set()

Sources indirectly invalidated by:
	product: Set()
	binary dep: Set()
	external source: Set()
All initially invalidated sources: Set()

Total time: 0 s, completed 04-Aug-2015 16:01:19
> server-post-command-cleanup
> server-handle-next-server-request
